Using pre-set license
Built from '2020.2/release' branch; Version is '2020.2.2f1 (068178b99f32) revision 426360'; Using compiler version '192528614'; Build Type 'Release'
OS: 'Windows 10 Home; OS build 18363.1316; Version 1909; 64bit' Language: 'en' Physical Memory: 16282 MB
BatchMode: 1, IsHumanControllingUs: 0, StartBugReporterOnCrash: 0, Is64bit: 1, IsPro: 0

 COMMAND LINE ARGUMENTS:
D:\Program Files\unity\2020.2.2f1\Editor\Unity.exe
-adb2
-batchMode
-noUpm
-name
AssetImportWorker0
-projectPath
D:/Cpp/cs 4700 gaming development/unity/Clicker Game Project
-logFile
Logs/AssetImportWorker0.log
-srvPort
54119
Successfully changed project path to: D:/Cpp/cs 4700 gaming development/unity/Clicker Game Project
D:/Cpp/cs 4700 gaming development/unity/Clicker Game Project
Using Asset Import Pipeline V2.
Refreshing native plugins compatible for Editor in 34.80 ms, found 0 plugins.
Preloading 0 native plugins for Editor in 0.00 ms.
Initialize engine version: 2020.2.2f1 (068178b99f32)
[Subsystems] Discovering subsystems at path D:/Program Files/unity/2020.2.2f1/Editor/Data/Resources/UnitySubsystems
[Subsystems] Discovering subsystems at path D:/Cpp/cs 4700 gaming development/unity/Clicker Game Project/Assets
GfxDevice: creating device client; threaded=0
Direct3D:
    Version:  Direct3D 11.0 [level 11.0]
    Renderer: NVIDIA GeForce GTX 960M (ID=0x139b)
    Vendor:   
    VRAM:     4055 MB
    Driver:   27.21.14.6109
Initialize mono
Mono path[0] = 'D:/Program Files/unity/2020.2.2f1/Editor/Data/Managed'
Mono path[1] = 'D:/Program Files/unity/2020.2.2f1/Editor/Data/MonoBleedingEdge/lib/mono/unityjit'
Mono config path = 'D:/Program Files/unity/2020.2.2f1/Editor/Data/MonoBleedingEdge/etc'
Using monoOptions --debugger-agent=transport=dt_socket,embedding=1,server=y,suspend=n,address=127.0.0.1:56320
Begin MonoManager ReloadAssembly
Registering precompiled unity dll's ...
Register platform support module: D:/Program Files/unity/2020.2.2f1/Editor/Data/PlaybackEngines/WebGLSupport/UnityEditor.WebGL.Extensions.dll
Register platform support module: D:/Program Files/unity/2020.2.2f1/Editor/Data/PlaybackEngines/WindowsStandaloneSupport/UnityEditor.WindowsStandalone.Extensions.dll
Registered in 0.010364 seconds.
Native extension for WindowsStandalone target not found
Native extension for WebGL target not found
Refreshing native plugins compatible for Editor in 32.29 ms, found 0 plugins.
Preloading 0 native plugins for Editor in 0.00 ms.
Invoked RoslynAnalysisRunner static constructor.
RoslynAnalysisRunner will not be running.
RoslynAnalysisRunner has terminated.
Mono: successfully reloaded assembly
- Completed reload, in  2.337 seconds
Platform modules already initialized, skipping
Registering precompiled user dll's ...
Registered in 0.001975 seconds.
Begin MonoManager ReloadAssembly
Native extension for WindowsStandalone target not found
Native extension for WebGL target not found
Refreshing native plugins compatible for Editor in 0.20 ms, found 0 plugins.
Preloading 0 native plugins for Editor in 0.00 ms.
Invoked RoslynAnalysisRunner static constructor.
RoslynAnalysisRunner will not be running.
RoslynAnalysisRunner has terminated.
Mono: successfully reloaded assembly
- Completed reload, in  1.245 seconds
Platform modules already initialized, skipping
========================================================================
Worker process is ready to serve import requests
Launched and connected shader compiler UnityShaderCompiler.exe after 0.15 seconds
Refreshing native plugins compatible for Editor in 0.24 ms, found 0 plugins.
Preloading 0 native plugins for Editor in 0.00 ms.
Unloading 1118 Unused Serialized files (Serialized files now loaded: 0)
System memory in use before: 128.3 MB.
System memory in use after: 128.3 MB.

Unloading 10 unused Assets to reduce memory usage. Loaded Objects now: 1564.
Total: 1.880700 ms (FindLiveObjects: 0.202300 ms CreateObjectMapping: 0.042500 ms MarkObjects: 1.488500 ms  DeleteObjects: 0.146100 ms)

========================================================================
Received Import Request.
  path: Assets/Scenes/Prefabs/Missile Launcher _Upgraded.prefab
  artifactKey: Guid(2909cc4e2109364439ae680524665b7a) Importer(815301076,1909f56bfc062723c751e8b465ee728b)
Start importing Assets/Scenes/Prefabs/Missile Launcher _Upgraded.prefab using Guid(2909cc4e2109364439ae680524665b7a) Importer(815301076,1909f56bfc062723c751e8b465ee728b)  -> (artifact id: 'a56d6096e1801152a510cd21804cd7d2') in 0.142930 seconds
  Import took 0.145417 seconds .

========================================================================
Received Import Request.
  Time since last request: 7.403288 seconds.
  path: Assets/Scenes/Prefabs/Missile Launcher.prefab
  artifactKey: Guid(b73769739f1abcd4982c4f4338c83ee6) Importer(815301076,1909f56bfc062723c751e8b465ee728b)
Start importing Assets/Scenes/Prefabs/Missile Launcher.prefab using Guid(b73769739f1abcd4982c4f4338c83ee6) Importer(815301076,1909f56bfc062723c751e8b465ee728b)  -> (artifact id: '76d709985952930d768186422bbefa89') in 0.027119 seconds
  Import took 0.042999 seconds .

========================================================================
Received Import Request.
  Time since last request: 1.328946 seconds.
  path: Assets/Scenes/Prefabs/Missile Launcher.prefab
  artifactKey: Guid(b73769739f1abcd4982c4f4338c83ee6) Importer(815301076,1909f56bfc062723c751e8b465ee728b)
Start importing Assets/Scenes/Prefabs/Missile Launcher.prefab using Guid(b73769739f1abcd4982c4f4338c83ee6) Importer(815301076,1909f56bfc062723c751e8b465ee728b)  -> (artifact id: '7aebde5e890bda2a23dfb2b9a70566f4') in 0.023105 seconds
  Import took 0.038127 seconds .

========================================================================
Received Import Request.
  Time since last request: 5.094414 seconds.
  path: Assets/Scenes/Prefabs/Missile Launcher.prefab
  artifactKey: Guid(b73769739f1abcd4982c4f4338c83ee6) Importer(815301076,1909f56bfc062723c751e8b465ee728b)
Start importing Assets/Scenes/Prefabs/Missile Launcher.prefab using Guid(b73769739f1abcd4982c4f4338c83ee6) Importer(815301076,1909f56bfc062723c751e8b465ee728b)  -> (artifact id: 'ce1a84836ba3c2b8b85da6f9042b1ab6') in 0.020802 seconds
  Import took 0.023499 seconds .

========================================================================
Received Import Request.
  Time since last request: 1.057378 seconds.
  path: Assets/Scenes/Prefabs/Laser Beamer.prefab
  artifactKey: Guid(1b705dd488bf1c04e99b8eb6590bde92) Importer(815301076,1909f56bfc062723c751e8b465ee728b)
Start importing Assets/Scenes/Prefabs/Laser Beamer.prefab using Guid(1b705dd488bf1c04e99b8eb6590bde92) Importer(815301076,1909f56bfc062723c751e8b465ee728b)  -> (artifact id: '49d891d26ac5b412411d608c60563572') in 0.020732 seconds
  Import took 0.106099 seconds .

========================================================================
Received Import Request.
  Time since last request: 0.056992 seconds.
  path: Assets/Scenes/Prefabs/Laser Beamer.prefab
  artifactKey: Guid(1b705dd488bf1c04e99b8eb6590bde92) Importer(815301076,1909f56bfc062723c751e8b465ee728b)
Start importing Assets/Scenes/Prefabs/Laser Beamer.prefab using Guid(1b705dd488bf1c04e99b8eb6590bde92) Importer(815301076,1909f56bfc062723c751e8b465ee728b)  -> (artifact id: '49d891d26ac5b412411d608c60563572') in 0.017562 seconds
  Import took 0.020719 seconds .

========================================================================
Received Import Request.
  Time since last request: 3.801436 seconds.
  path: Assets/Scenes/Prefabs/Missile Launcher _Upgraded.prefab
  artifactKey: Guid(2909cc4e2109364439ae680524665b7a) Importer(815301076,1909f56bfc062723c751e8b465ee728b)
Start importing Assets/Scenes/Prefabs/Missile Launcher _Upgraded.prefab using Guid(2909cc4e2109364439ae680524665b7a) Importer(815301076,1909f56bfc062723c751e8b465ee728b)  -> (artifact id: '1a3b6b8aeffe276c2ba31fa66fe6c5bf') in 0.030008 seconds
  Import took 0.034011 seconds .

========================================================================
Received Import Request.
  Time since last request: 0.992094 seconds.
  path: Assets/Scenes/Prefabs/Missile Launcher _Upgraded.prefab
  artifactKey: Guid(2909cc4e2109364439ae680524665b7a) Importer(815301076,1909f56bfc062723c751e8b465ee728b)
Start importing Assets/Scenes/Prefabs/Missile Launcher _Upgraded.prefab using Guid(2909cc4e2109364439ae680524665b7a) Importer(815301076,1909f56bfc062723c751e8b465ee728b)  -> (artifact id: 'fe5409291d71f6308bd815408fba605f') in 0.026769 seconds
  Import took 0.043002 seconds .

========================================================================
Received Import Request.
  Time since last request: 4.399120 seconds.
  path: Assets/Scenes/Prefabs/Missile Launcher _Upgraded.prefab
  artifactKey: Guid(2909cc4e2109364439ae680524665b7a) Importer(815301076,1909f56bfc062723c751e8b465ee728b)
Start importing Assets/Scenes/Prefabs/Missile Launcher _Upgraded.prefab using Guid(2909cc4e2109364439ae680524665b7a) Importer(815301076,1909f56bfc062723c751e8b465ee728b)  -> (artifact id: 'd9080ecaf3971bb8885a9aa40799848d') in 0.029537 seconds
  Import took 0.040135 seconds .

========================================================================
Received Import Request.
  Time since last request: 1.582992 seconds.
  path: Assets/Scenes/Prefabs/Missile Launcher _Upgraded.prefab
  artifactKey: Guid(2909cc4e2109364439ae680524665b7a) Importer(815301076,1909f56bfc062723c751e8b465ee728b)
Start importing Assets/Scenes/Prefabs/Missile Launcher _Upgraded.prefab using Guid(2909cc4e2109364439ae680524665b7a) Importer(815301076,1909f56bfc062723c751e8b465ee728b)  -> (artifact id: 'ea933f8740d1022209eb3a8ee1059ee6') in 0.028483 seconds
  Import took 0.032112 seconds .

========================================================================
Received Import Request.
  Time since last request: 1.348270 seconds.
  path: Assets/Scenes/Prefabs/Missile Launcher _Upgraded.prefab
  artifactKey: Guid(2909cc4e2109364439ae680524665b7a) Importer(815301076,1909f56bfc062723c751e8b465ee728b)
Start importing Assets/Scenes/Prefabs/Missile Launcher _Upgraded.prefab using Guid(2909cc4e2109364439ae680524665b7a) Importer(815301076,1909f56bfc062723c751e8b465ee728b)  -> (artifact id: '0d6405acb2f83f8c1af8f3e0c139233f') in 0.025917 seconds
  Import took 0.029308 seconds .

========================================================================
Received Import Request.
  Time since last request: 5.231594 seconds.
  path: Assets/Scenes/Prefabs/Missile Launcher _Upgraded.prefab
  artifactKey: Guid(2909cc4e2109364439ae680524665b7a) Importer(815301076,1909f56bfc062723c751e8b465ee728b)
Start importing Assets/Scenes/Prefabs/Missile Launcher _Upgraded.prefab using Guid(2909cc4e2109364439ae680524665b7a) Importer(815301076,1909f56bfc062723c751e8b465ee728b)  -> (artifact id: '716dadb60d927ccb31407a21583934cf') in 0.032829 seconds
  Import took 0.035225 seconds .

========================================================================
Received Import Request.
  Time since last request: 54.580926 seconds.
  path: Assets/Scenes/Prefabs/Laser Beamer 1.prefab
  artifactKey: Guid(4829beb0f8402d247a818fa8fe2ca572) Importer(815301076,1909f56bfc062723c751e8b465ee728b)
Start importing Assets/Scenes/Prefabs/Laser Beamer 1.prefab using Guid(4829beb0f8402d247a818fa8fe2ca572) Importer(815301076,1909f56bfc062723c751e8b465ee728b)  -> (artifact id: 'b48df5bb72d33c1a2ef04f477f0cbdf8') in 0.035986 seconds
  Import took 0.039009 seconds .

========================================================================
Received Import Request.
  Time since last request: 8.214043 seconds.
  path: Assets/Scenes/Prefabs/Laser Beamer _Upgraded.prefab
  artifactKey: Guid(4829beb0f8402d247a818fa8fe2ca572) Importer(815301076,1909f56bfc062723c751e8b465ee728b)
Start importing Assets/Scenes/Prefabs/Laser Beamer _Upgraded.prefab using Guid(4829beb0f8402d247a818fa8fe2ca572) Importer(815301076,1909f56bfc062723c751e8b465ee728b)  -> (artifact id: '1bf0863bdd2144ec8c4e17dca7f7bb64') in 0.027863 seconds
  Import took 0.043445 seconds .

========================================================================
Received Import Request.
  Time since last request: 17.657322 seconds.
  path: Assets/Scenes/Prefabs/Laser Beamer _Upgraded.prefab
  artifactKey: Guid(4829beb0f8402d247a818fa8fe2ca572) Importer(815301076,1909f56bfc062723c751e8b465ee728b)
Start importing Assets/Scenes/Prefabs/Laser Beamer _Upgraded.prefab using Guid(4829beb0f8402d247a818fa8fe2ca572) Importer(815301076,1909f56bfc062723c751e8b465ee728b)  -> (artifact id: '3ee37824ea01b0172b6d4bd3c2eff61d') in 0.030437 seconds
  Import took 0.033425 seconds .

========================================================================
Received Import Request.
  Time since last request: 1.373432 seconds.
  path: Assets/Scenes/Prefabs/Laser Beamer _Upgraded.prefab
  artifactKey: Guid(4829beb0f8402d247a818fa8fe2ca572) Importer(815301076,1909f56bfc062723c751e8b465ee728b)
Start importing Assets/Scenes/Prefabs/Laser Beamer _Upgraded.prefab using Guid(4829beb0f8402d247a818fa8fe2ca572) Importer(815301076,1909f56bfc062723c751e8b465ee728b)  -> (artifact id: '35a4f405c541100134718414a96d93e8') in 0.030847 seconds
  Import took 0.133034 seconds .

========================================================================
Received Import Request.
  Time since last request: 3.992910 seconds.
  path: Assets/Scenes/Prefabs/Laser Beamer _Upgraded.prefab
  artifactKey: Guid(4829beb0f8402d247a818fa8fe2ca572) Importer(815301076,1909f56bfc062723c751e8b465ee728b)
Start importing Assets/Scenes/Prefabs/Laser Beamer _Upgraded.prefab using Guid(4829beb0f8402d247a818fa8fe2ca572) Importer(815301076,1909f56bfc062723c751e8b465ee728b)  -> (artifact id: '05d5c6a0111bfcbc5bccd942e4c4c115') in 0.022400 seconds
  Import took 0.030797 seconds .

========================================================================
Received Prepare
Registering precompiled user dll's ...
Registered in 0.001951 seconds.
Begin MonoManager ReloadAssembly
Native extension for WindowsStandalone target not found
Native extension for WebGL target not found
Refreshing native plugins compatible for Editor in 0.21 ms, found 0 plugins.
Preloading 0 native plugins for Editor in 0.00 ms.
Invoked RoslynAnalysisRunner static constructor.
RoslynAnalysisRunner will not be running.
RoslynAnalysisRunner has terminated.
Mono: successfully reloaded assembly
- Completed reload, in  1.162 seconds
Platform modules already initialized, skipping
Refreshing native plugins compatible for Editor in 0.25 ms, found 0 plugins.
Preloading 0 native plugins for Editor in 0.00 ms.
Unloading 1113 Unused Serialized files (Serialized files now loaded: 0)
System memory in use before: 131.7 MB.
System memory in use after: 131.7 MB.

Unloading 6 unused Assets to reduce memory usage. Loaded Objects now: 1573.
Total: 1.867700 ms (FindLiveObjects: 0.228600 ms CreateObjectMapping: 0.040800 ms MarkObjects: 1.492500 ms  DeleteObjects: 0.103900 ms)

========================================================================
Received Import Request.
  Time since last request: 156.148638 seconds.
  path: Assets/Scenes/Prefabs/Bullets
  artifactKey: Guid(6164a6b014ef0eb4782289014091f094) Importer(815301076,1909f56bfc062723c751e8b465ee728b)
Start importing Assets/Scenes/Prefabs/Bullets using Guid(6164a6b014ef0eb4782289014091f094) Importer(815301076,1909f56bfc062723c751e8b465ee728b)  -> (artifact id: 'd12990ab4db4a02d618e518dc1c8f097') in 0.013466 seconds
  Import took 0.294158 seconds .

========================================================================
Received Import Request.
  Time since last request: 68.211246 seconds.
  path: Assets/Scenes/Prefabs/Turret_Old.prefab
  artifactKey: Guid(f017d0498dedd464397049a5bf4930cb) Importer(815301076,1909f56bfc062723c751e8b465ee728b)
Start importing Assets/Scenes/Prefabs/Turret_Old.prefab using Guid(f017d0498dedd464397049a5bf4930cb) Importer(815301076,1909f56bfc062723c751e8b465ee728b)  -> (artifact id: '8385763bfa6f66001815988e5c55cd24') in 0.093588 seconds
  Import took 0.138353 seconds .

========================================================================
Received Import Request.
  Time since last request: 0.010197 seconds.
  path: Assets/Scenes/Prefabs/Turret_Old.prefab
  artifactKey: Guid(f017d0498dedd464397049a5bf4930cb) Importer(815301076,1909f56bfc062723c751e8b465ee728b)
Start importing Assets/Scenes/Prefabs/Turret_Old.prefab using Guid(f017d0498dedd464397049a5bf4930cb) Importer(815301076,1909f56bfc062723c751e8b465ee728b)  -> (artifact id: '8385763bfa6f66001815988e5c55cd24') in 0.021696 seconds
  Import took 0.024862 seconds .

========================================================================
Received Import Request.
  Time since last request: 94.138847 seconds.
  path: Assets/NodeUI.cs
  artifactKey: Guid(113f270c4bc738d44ba3fc7d125ac9be) Importer(815301076,1909f56bfc062723c751e8b465ee728b)
Start importing Assets/NodeUI.cs using Guid(113f270c4bc738d44ba3fc7d125ac9be) Importer(815301076,1909f56bfc062723c751e8b465ee728b)  -> (artifact id: '620355eb33c528efec4081e4c19f6688') in 0.018069 seconds
  Import took 0.022125 seconds .

========================================================================
Received Prepare
Registering precompiled user dll's ...
Registered in 0.001705 seconds.
Begin MonoManager ReloadAssembly
Native extension for WindowsStandalone target not found
Native extension for WebGL target not found
Refreshing native plugins compatible for Editor in 0.26 ms, found 0 plugins.
Preloading 0 native plugins for Editor in 0.00 ms.
Invoked RoslynAnalysisRunner static constructor.
RoslynAnalysisRunner will not be running.
RoslynAnalysisRunner has terminated.
Mono: successfully reloaded assembly
- Completed reload, in  1.480 seconds
Platform modules already initialized, skipping
Refreshing native plugins compatible for Editor in 0.37 ms, found 0 plugins.
Preloading 0 native plugins for Editor in 0.00 ms.
Unloading 1113 Unused Serialized files (Serialized files now loaded: 0)
System memory in use before: 132.0 MB.
System memory in use after: 132.1 MB.

Unloading 5 unused Assets to reduce memory usage. Loaded Objects now: 1577.
Total: 3.146600 ms (FindLiveObjects: 0.344600 ms CreateObjectMapping: 0.151200 ms MarkObjects: 2.555100 ms  DeleteObjects: 0.093300 ms)

========================================================================
Received Import Request.
  Time since last request: 289.722217 seconds.
  path: Assets/Scripts/TurretBluePrint.cs
  artifactKey: Guid(5bef2562047cce8478f3838f52420bbd) Importer(815301076,1909f56bfc062723c751e8b465ee728b)
Start importing Assets/Scripts/TurretBluePrint.cs using Guid(5bef2562047cce8478f3838f52420bbd) Importer(815301076,1909f56bfc062723c751e8b465ee728b)  -> (artifact id: '412ee2684792c16f9c404524c94e154a') in 0.011853 seconds
  Import took 0.029140 seconds .

========================================================================
Received Import Request.
  Time since last request: 0.002872 seconds.
  path: Assets/Scripts/TurretBluePrint.cs
  artifactKey: Guid(5bef2562047cce8478f3838f52420bbd) Importer(815301076,1909f56bfc062723c751e8b465ee728b)
Start importing Assets/Scripts/TurretBluePrint.cs using Guid(5bef2562047cce8478f3838f52420bbd) Importer(815301076,1909f56bfc062723c751e8b465ee728b)  -> (artifact id: '412ee2684792c16f9c404524c94e154a') in 0.008918 seconds
  Import took 0.011787 seconds .

========================================================================
Received Import Request.
  Time since last request: 91.227481 seconds.
  path: Assets/Scripts/NodeUI.cs
  artifactKey: Guid(113f270c4bc738d44ba3fc7d125ac9be) Importer(815301076,1909f56bfc062723c751e8b465ee728b)
Start importing Assets/Scripts/NodeUI.cs using Guid(113f270c4bc738d44ba3fc7d125ac9be) Importer(815301076,1909f56bfc062723c751e8b465ee728b)  -> (artifact id: '0da22c407c3d7d7653c6cd50a57d4743') in 0.008618 seconds
  Import took 0.012114 seconds .

========================================================================
Received Prepare
Registering precompiled user dll's ...
Registered in 0.001657 seconds.
Begin MonoManager ReloadAssembly
Native extension for WindowsStandalone target not found
Native extension for WebGL target not found
Refreshing native plugins compatible for Editor in 0.21 ms, found 0 plugins.
Preloading 0 native plugins for Editor in 0.00 ms.
Invoked RoslynAnalysisRunner static constructor.
RoslynAnalysisRunner will not be running.
RoslynAnalysisRunner has terminated.
Mono: successfully reloaded assembly
- Completed reload, in  1.313 seconds
Platform modules already initialized, skipping
Refreshing native plugins compatible for Editor in 0.38 ms, found 0 plugins.
Preloading 0 native plugins for Editor in 0.00 ms.
Unloading 1113 Unused Serialized files (Serialized files now loaded: 0)
System memory in use before: 132.2 MB.
System memory in use after: 132.3 MB.

Unloading 5 unused Assets to reduce memory usage. Loaded Objects now: 1579.
Total: 1.978000 ms (FindLiveObjects: 0.151700 ms CreateObjectMapping: 0.035900 ms MarkObjects: 1.725600 ms  DeleteObjects: 0.063300 ms)

========================================================================
Received Prepare
Registering precompiled user dll's ...
Registered in 0.001882 seconds.
Begin MonoManager ReloadAssembly
Native extension for WindowsStandalone target not found
Native extension for WebGL target not found
Refreshing native plugins compatible for Editor in 0.25 ms, found 0 plugins.
Preloading 0 native plugins for Editor in 0.00 ms.
Invoked RoslynAnalysisRunner static constructor.
RoslynAnalysisRunner will not be running.
RoslynAnalysisRunner has terminated.
Mono: successfully reloaded assembly
- Completed reload, in  1.512 seconds
Platform modules already initialized, skipping
Refreshing native plugins compatible for Editor in 0.25 ms, found 0 plugins.
Preloading 0 native plugins for Editor in 0.00 ms.
Unloading 1113 Unused Serialized files (Serialized files now loaded: 0)
System memory in use before: 132.6 MB.
System memory in use after: 132.6 MB.

Unloading 5 unused Assets to reduce memory usage. Loaded Objects now: 1581.
Total: 2.501400 ms (FindLiveObjects: 0.274800 ms CreateObjectMapping: 0.097200 ms MarkObjects: 2.059100 ms  DeleteObjects: 0.068200 ms)

========================================================================
Received Prepare
Registering precompiled user dll's ...
Registered in 0.001640 seconds.
Begin MonoManager ReloadAssembly
Native extension for WindowsStandalone target not found
Native extension for WebGL target not found
Refreshing native plugins compatible for Editor in 0.27 ms, found 0 plugins.
Preloading 0 native plugins for Editor in 0.00 ms.
Invoked RoslynAnalysisRunner static constructor.
RoslynAnalysisRunner will not be running.
RoslynAnalysisRunner has terminated.
Mono: successfully reloaded assembly
- Completed reload, in  1.515 seconds
Platform modules already initialized, skipping
Refreshing native plugins compatible for Editor in 0.25 ms, found 0 plugins.
Preloading 0 native plugins for Editor in 0.00 ms.
Unloading 1113 Unused Serialized files (Serialized files now loaded: 0)
System memory in use before: 132.8 MB.
System memory in use after: 132.9 MB.

Unloading 5 unused Assets to reduce memory usage. Loaded Objects now: 1583.
Total: 2.578500 ms (FindLiveObjects: 0.259200 ms CreateObjectMapping: 0.109700 ms MarkObjects: 2.129400 ms  DeleteObjects: 0.077900 ms)

========================================================================
Received Prepare
Registering precompiled user dll's ...
Registered in 0.001862 seconds.
Begin MonoManager ReloadAssembly
Native extension for WindowsStandalone target not found
Native extension for WebGL target not found
Refreshing native plugins compatible for Editor in 0.38 ms, found 0 plugins.
Preloading 0 native plugins for Editor in 0.00 ms.
Invoked RoslynAnalysisRunner static constructor.
RoslynAnalysisRunner will not be running.
RoslynAnalysisRunner has terminated.
Mono: successfully reloaded assembly
- Completed reload, in  1.808 seconds
Platform modules already initialized, skipping
Refreshing native plugins compatible for Editor in 0.31 ms, found 0 plugins.
Preloading 0 native plugins for Editor in 0.00 ms.
Unloading 1113 Unused Serialized files (Serialized files now loaded: 0)
System memory in use before: 133.1 MB.
System memory in use after: 133.2 MB.

Unloading 5 unused Assets to reduce memory usage. Loaded Objects now: 1585.
Total: 2.465800 ms (FindLiveObjects: 0.182000 ms CreateObjectMapping: 0.049300 ms MarkObjects: 2.167900 ms  DeleteObjects: 0.064700 ms)

========================================================================
Received Import Request.
  Time since last request: 2895.818145 seconds.
  path: Assets/Scripts/WaveSpawner.cs
  artifactKey: Guid(0a21c9ce2c5fc6845822e11c0c6221ef) Importer(815301076,1909f56bfc062723c751e8b465ee728b)
Start importing Assets/Scripts/WaveSpawner.cs using Guid(0a21c9ce2c5fc6845822e11c0c6221ef) Importer(815301076,1909f56bfc062723c751e8b465ee728b)  -> (artifact id: 'f954dd7509ba48f87a284eb5f6933732') in 0.016951 seconds
  Import took 0.020623 seconds .

========================================================================
Received Prepare
Registering precompiled user dll's ...
Registered in 0.002625 seconds.
Begin MonoManager ReloadAssembly
Native extension for WindowsStandalone target not found
Native extension for WebGL target not found
Refreshing native plugins compatible for Editor in 0.37 ms, found 0 plugins.
Preloading 0 native plugins for Editor in 0.00 ms.
Invoked RoslynAnalysisRunner static constructor.
RoslynAnalysisRunner will not be running.
RoslynAnalysisRunner has terminated.
Mono: successfully reloaded assembly
- Completed reload, in  1.369 seconds
Platform modules already initialized, skipping
Refreshing native plugins compatible for Editor in 0.23 ms, found 0 plugins.
Preloading 0 native plugins for Editor in 0.00 ms.
Unloading 1113 Unused Serialized files (Serialized files now loaded: 0)
System memory in use before: 133.2 MB.
System memory in use after: 133.3 MB.

Unloading 5 unused Assets to reduce memory usage. Loaded Objects now: 1587.
Total: 3.621000 ms (FindLiveObjects: 0.571800 ms CreateObjectMapping: 0.174500 ms MarkObjects: 2.735900 ms  DeleteObjects: 0.134600 ms)

========================================================================
Received Prepare
Registering precompiled user dll's ...
Registered in 0.001880 seconds.
Begin MonoManager ReloadAssembly
Native extension for WindowsStandalone target not found
Native extension for WebGL target not found
Refreshing native plugins compatible for Editor in 0.28 ms, found 0 plugins.
Preloading 0 native plugins for Editor in 0.00 ms.
Invoked RoslynAnalysisRunner static constructor.
RoslynAnalysisRunner will not be running.
RoslynAnalysisRunner has terminated.
Mono: successfully reloaded assembly
- Completed reload, in  1.178 seconds
Platform modules already initialized, skipping
Refreshing native plugins compatible for Editor in 0.25 ms, found 0 plugins.
Preloading 0 native plugins for Editor in 0.00 ms.
Unloading 1113 Unused Serialized files (Serialized files now loaded: 0)
System memory in use before: 132.7 MB.
System memory in use after: 132.7 MB.

Unloading 5 unused Assets to reduce memory usage. Loaded Objects now: 1589.
Total: 2.480300 ms (FindLiveObjects: 0.200600 ms CreateObjectMapping: 0.058300 ms MarkObjects: 2.116800 ms  DeleteObjects: 0.103000 ms)

========================================================================
Received Prepare
Registering precompiled user dll's ...
Registered in 0.001788 seconds.
Begin MonoManager ReloadAssembly
Native extension for WindowsStandalone target not found
Native extension for WebGL target not found
Refreshing native plugins compatible for Editor in 0.28 ms, found 0 plugins.
Preloading 0 native plugins for Editor in 0.00 ms.
Invoked RoslynAnalysisRunner static constructor.
RoslynAnalysisRunner will not be running.
RoslynAnalysisRunner has terminated.
Mono: successfully reloaded assembly
- Completed reload, in  1.174 seconds
Platform modules already initialized, skipping
Refreshing native plugins compatible for Editor in 0.25 ms, found 0 plugins.
Preloading 0 native plugins for Editor in 0.00 ms.
Unloading 1113 Unused Serialized files (Serialized files now loaded: 0)
System memory in use before: 132.9 MB.
System memory in use after: 133.0 MB.

Unloading 5 unused Assets to reduce memory usage. Loaded Objects now: 1591.
Total: 2.222600 ms (FindLiveObjects: 0.347100 ms CreateObjectMapping: 0.087500 ms MarkObjects: 1.673500 ms  DeleteObjects: 0.112600 ms)

AssetImportWorkerClient::OnTransportError - code=2 error=End of file
